000 (3229683.000.000) 02/14 03:09:30 Job submitted from host: <137.138.55.115:9618?addrs=137.138.55.115-9618+[2001-1458-d00-17--12a]-9618&alias=bigbird23.cern.ch&noUDP&sock=schedd_2419_cfaf>
...
040 (3229683.000.000) 02/14 03:10:59 Started transferring input files
	Transferring to host: <128.142.61.100:9618?addrs=128.142.61.100-9618&alias=b7s06p9018.cern.ch&noUDP&sock=slot1_14_4098_2960_8089>
...
040 (3229683.000.000) 02/14 03:10:59 Finished transferring input files
...
001 (3229683.000.000) 02/14 03:11:00 Job executing on host: <128.142.61.100:9618?addrs=128.142.61.100-9618&alias=b7s06p9018.cern.ch&noUDP&sock=startd_2869_794d>
...
006 (3229683.000.000) 02/14 03:11:14 Image size of job updated: 61876
	48  -  MemoryUsage of job (MB)
	48420  -  ResidentSetSize of job (KB)
...
006 (3229683.000.000) 02/14 03:12:41 Image size of job updated: 7516960
	48  -  MemoryUsage of job (MB)
	48420  -  ResidentSetSize of job (KB)
...
040 (3229683.000.000) 02/14 03:12:42 Started transferring output files
...
040 (3229683.000.000) 02/14 03:12:42 Finished transferring output files
...
005 (3229683.000.000) 02/14 03:12:42 Job terminated.
	(1) Normal termination (return value 0)
		Usr 0 00:00:52, Sys 0 00:00:04  -  Run Remote Usage
		Usr 0 00:00:00, Sys 0 00:00:00  -  Run Local Usage
		Usr 0 00:00:52, Sys 0 00:00:04  -  Total Remote Usage
		Usr 0 00:00:00, Sys 0 00:00:00  -  Total Local Usage
	795  -  Run Bytes Sent By Job
	325  -  Run Bytes Received By Job
	795  -  Total Bytes Sent By Job
	325  -  Total Bytes Received By Job
	Partitionable Resources :    Usage  Request Allocated 
	   Cpus                 :                 1         1 
	   Disk (KB)            :       16        1   1182889 
	   Memory (MB)          :       48     2000      2000 

	Job terminated of its own accord at 2023-02-14T02:12:41Z.
...
